Active-HDL 8.3.2120.sp1.14.3884  2018-11-16 15:06:49

Elaboration top modules:
VHDL Configuration            testbench_for_alu16bit


--------------------------------------------------------------------------------------------------------
Entity      | Architecture    | Library  | Info | Compiler Version                | Compilation Options
--------------------------------------------------------------------------------------------------------
alu16bit_tb | tb_architecture | ALU16Bit |      | 8.3.2120.sp1.14.3884  (Windows) | -O3 -2002
ALU16Bit    | alu16bit        | alu16bit |      | 8.3.2120.sp1.14.3884  (Windows) | -O3 -2002
--------------------------------------------------------------------------------------------------------

--------------------------------------------------------------------------------------------------------
VHDL Configuration            | Library  | Info | Compiler Version                | Compilation Options
--------------------------------------------------------------------------------------------------------
testbench_for_alu16bit        | ALU16Bit |      | 8.3.2120.sp1.14.3884  (Windows) | -O3 -2002
--------------------------------------------------------------------------------------------------------

--------------------------------------------------------------------------------------------------------
VHDL Package                  | Library  | Info | Compiler Version                | Compilation Options
--------------------------------------------------------------------------------------------------------
standard                      | std      |      |                                 | <unavailable>
TEXTIO                        | std      |      | 8.3.2120.sp1.14.3884  (Windows) | -2008
std_logic_1164                | ieee     |      | 8.3.2120.sp1.14.3884  (Windows) | -2008
NUMERIC_STD                   | ieee     |      | 8.3.2120.sp1.14.3884  (Windows) | -2008
--------------------------------------------------------------------------------------------------------

--------------------------------------------------------------------------------------------------------
Library                       | Comment
--------------------------------------------------------------------------------------------------------
ALU16Bit                      | None
ieee                          | Standard IEEE packages library
std                           | Standard VHDL library
--------------------------------------------------------------------------------------------------------
