Active-HDL 8.3.2120.sp1.14.3884  2019-01-08 00:08:38

Elaboration top modules:
VHDL Configuration            testbench_for_dualportmemory


--------------------------------------------------------------------------------------------------------------------
Entity            | Architecture    | Library        | Info | Compiler Version                | Compilation Options
--------------------------------------------------------------------------------------------------------------------
dualportmemory_tb | tb_architecture | dualportmemory |      | 8.3.2120.sp1.14.3884  (Windows) | -O3 -2002
DualPortMemory    | dualportmemory  | dualportmemory |      | 8.3.2120.sp1.14.3884  (Windows) | -O3 -2002
--------------------------------------------------------------------------------------------------------------------

--------------------------------------------------------------------------------------------------------------------
VHDL Configuration                  | Library        | Info | Compiler Version                | Compilation Options
--------------------------------------------------------------------------------------------------------------------
testbench_for_dualportmemory        | dualportmemory |      | 8.3.2120.sp1.14.3884  (Windows) | -O3 -2002
--------------------------------------------------------------------------------------------------------------------

--------------------------------------------------------------------------------------------------------------------
VHDL Package                        | Library        | Info | Compiler Version                | Compilation Options
--------------------------------------------------------------------------------------------------------------------
standard                            | std            |      |                                 | <unavailable>
TEXTIO                              | std            |      | 8.3.2120.sp1.14.3884  (Windows) | -2008
std_logic_1164                      | ieee           |      | 8.3.2120.sp1.14.3884  (Windows) | -2008
std_logic_arith                     | ieee           |      | 8.3.2120.sp1.14.3884  (Windows) | -2002
STD_LOGIC_UNSIGNED                  | ieee           |      | 8.3.2120.sp1.14.3884  (Windows) | -2002
--------------------------------------------------------------------------------------------------------------------

--------------------------------------------------------------------------------------------------------------------
Library                             | Comment
--------------------------------------------------------------------------------------------------------------------
dualportmemory                      | None
ieee                                | Standard IEEE packages library
std                                 | Standard VHDL library
--------------------------------------------------------------------------------------------------------------------
