Active-HDL 8.3.2120.sp1.14.3884  2018-11-16 18:51:17

Elaboration top modules:
VHDL Configuration            testbench_for_fsm11101


--------------------------------------------------------------------------------------------------------
Entity      | Architecture    | Library  | Info | Compiler Version                | Compilation Options
--------------------------------------------------------------------------------------------------------
fsm11101_tb | tb_architecture | fsm11101 |      | 8.3.2120.sp1.14.3884  (Windows) | -O3 -2002
FSM11101    | fsm11101        | fsm11101 |      | 8.3.2120.sp1.14.3884  (Windows) | -O3 -2002
--------------------------------------------------------------------------------------------------------

--------------------------------------------------------------------------------------------------------
VHDL Configuration            | Library  | Info | Compiler Version                | Compilation Options
--------------------------------------------------------------------------------------------------------
testbench_for_fsm11101        | fsm11101 |      | 8.3.2120.sp1.14.3884  (Windows) | -O3 -2002
--------------------------------------------------------------------------------------------------------

--------------------------------------------------------------------------------------------------------
VHDL Package                  | Library  | Info | Compiler Version                | Compilation Options
--------------------------------------------------------------------------------------------------------
standard                      | std      |      |                                 | <unavailable>
TEXTIO                        | std      |      | 8.3.2120.sp1.14.3884  (Windows) | -2008
std_logic_1164                | ieee     |      | 8.3.2120.sp1.14.3884  (Windows) | -2008
--------------------------------------------------------------------------------------------------------

--------------------------------------------------------------------------------------------------------
Library                       | Comment
--------------------------------------------------------------------------------------------------------
fsm11101                      | None
ieee                          | Standard IEEE packages library
std                           | Standard VHDL library
--------------------------------------------------------------------------------------------------------
