Active-HDL 8.3.2120.sp1.14.3884  2018-11-16 22:36:46

Elaboration top modules:
VHDL Configuration            testbench_for_inertialtransportreject


----------------------------------------------------------------------------------------------------------------------------------------------
Entity                     | Architecture            | Library                 | Info | Compiler Version                | Compilation Options
----------------------------------------------------------------------------------------------------------------------------------------------
inertialtransportreject_tb | tb_architecture         | InertialTransportReject |      | 8.3.2120.sp1.14.3884  (Windows) | -O3 -2002
InertialTransportReject    | inertialtransportreject | inertialtransportreject |      | 8.3.2120.sp1.14.3884  (Windows) | -O3 -2002
----------------------------------------------------------------------------------------------------------------------------------------------

----------------------------------------------------------------------------------------------------------------------------------------------
VHDL Configuration                                   | Library                 | Info | Compiler Version                | Compilation Options
----------------------------------------------------------------------------------------------------------------------------------------------
testbench_for_inertialtransportreject                | InertialTransportReject |      | 8.3.2120.sp1.14.3884  (Windows) | -O3 -2002
----------------------------------------------------------------------------------------------------------------------------------------------

----------------------------------------------------------------------------------------------------------------------------------------------
VHDL Package                                         | Library                 | Info | Compiler Version                | Compilation Options
----------------------------------------------------------------------------------------------------------------------------------------------
standard                                             | std                     |      |                                 | <unavailable>
TEXTIO                                               | std                     |      | 8.3.2120.sp1.14.3884  (Windows) | -2008
std_logic_1164                                       | ieee                    |      | 8.3.2120.sp1.14.3884  (Windows) | -2008
----------------------------------------------------------------------------------------------------------------------------------------------

----------------------------------------------------------------------------------------------------------------------------------------------
Library                                              | Comment
----------------------------------------------------------------------------------------------------------------------------------------------
ieee                                                 | Standard IEEE packages library
InertialTransportReject                              | None
std                                                  | Standard VHDL library
----------------------------------------------------------------------------------------------------------------------------------------------
