Active-HDL 8.3.2120.sp1.14.3884  2019-01-08 00:12:43

Elaboration top modules:
VHDL Configuration            testbench_for_counter12bit


----------------------------------------------------------------------------------------------------------------
Entity          | Architecture    | Library      | Info | Compiler Version                | Compilation Options
----------------------------------------------------------------------------------------------------------------
counter12bit_tb | tb_architecture | counter12bit |      | 8.3.2120.sp1.14.3884  (Windows) | -O3 -2002
Counter12Bit    | counter12bit    | counter12bit |      | 8.3.2120.sp1.14.3884  (Windows) | -O3 -2002
----------------------------------------------------------------------------------------------------------------

----------------------------------------------------------------------------------------------------------------
VHDL Configuration                | Library      | Info | Compiler Version                | Compilation Options
----------------------------------------------------------------------------------------------------------------
testbench_for_counter12bit        | counter12bit |      | 8.3.2120.sp1.14.3884  (Windows) | -O3 -2002
----------------------------------------------------------------------------------------------------------------

----------------------------------------------------------------------------------------------------------------
VHDL Package                      | Library      | Info | Compiler Version                | Compilation Options
----------------------------------------------------------------------------------------------------------------
standard                          | std          |      |                                 | <unavailable>
TEXTIO                            | std          |      | 8.3.2120.sp1.14.3884  (Windows) | -2008
std_logic_1164                    | ieee         |      | 8.3.2120.sp1.14.3884  (Windows) | -2008
NUMERIC_STD                       | ieee         |      | 8.3.2120.sp1.14.3884  (Windows) | -2008
----------------------------------------------------------------------------------------------------------------

----------------------------------------------------------------------------------------------------------------
Library                           | Comment
----------------------------------------------------------------------------------------------------------------
counter12bit                      | None
ieee                              | Standard IEEE packages library
std                               | Standard VHDL library
----------------------------------------------------------------------------------------------------------------
