Active-HDL 8.3.2120.sp1.14.3884  2018-11-16 21:48:04

Elaboration top modules:
VHDL Configuration            testbench_for_fsm3


----------------------------------------------------------------------------------------------------
Entity   | Architecture    | Library | Info | Compiler Version                | Compilation Options
----------------------------------------------------------------------------------------------------
fsm3_tb  | tb_architecture | FSM3    |      | 8.3.2120.sp1.14.3884  (Windows) | -O3 -2002
FSM3     | fsm3            | fsm3    |      | 8.3.2120.sp1.14.3884  (Windows) | -O3 -2002
----------------------------------------------------------------------------------------------------

----------------------------------------------------------------------------------------------------
VHDL Configuration         | Library | Info | Compiler Version                | Compilation Options
----------------------------------------------------------------------------------------------------
testbench_for_fsm3         | FSM3    |      | 8.3.2120.sp1.14.3884  (Windows) | -O3 -2002
----------------------------------------------------------------------------------------------------

----------------------------------------------------------------------------------------------------
VHDL Package               | Library | Info | Compiler Version                | Compilation Options
----------------------------------------------------------------------------------------------------
standard                   | std     |      |                                 | <unavailable>
TEXTIO                     | std     |      | 8.3.2120.sp1.14.3884  (Windows) | -2008
std_logic_1164             | ieee    |      | 8.3.2120.sp1.14.3884  (Windows) | -2008
----------------------------------------------------------------------------------------------------

----------------------------------------------------------------------------------------------------
Library                    | Comment
----------------------------------------------------------------------------------------------------
FSM3                       | None
ieee                       | Standard IEEE packages library
std                        | Standard VHDL library
----------------------------------------------------------------------------------------------------
