Active-HDL 8.3.2120.sp1.14.3884  2018-11-08 15:56:40

Elaboration top modules:
VHDL Configuration            testbench_for_paritybitgenerator


-------------------------------------------------------------------------------------------------------------------------------
Entity                | Architecture       | Library            | Info | Compiler Version                | Compilation Options
-------------------------------------------------------------------------------------------------------------------------------
paritybitgenerator_tb | tb_architecture    | paritybitgenerator |      | 8.3.2120.sp1.14.3884  (Windows) | -O3 -2002
ParityBitGenerator    | paritybitgenerator | paritybitgenerator |      | 8.3.2120.sp1.14.3884  (Windows) | -O3 -2002
-------------------------------------------------------------------------------------------------------------------------------

-------------------------------------------------------------------------------------------------------------------------------
VHDL Configuration                         | Library            | Info | Compiler Version                | Compilation Options
-------------------------------------------------------------------------------------------------------------------------------
testbench_for_paritybitgenerator           | paritybitgenerator |      | 8.3.2120.sp1.14.3884  (Windows) | -O3 -2002
-------------------------------------------------------------------------------------------------------------------------------

-------------------------------------------------------------------------------------------------------------------------------
VHDL Package                               | Library            | Info | Compiler Version                | Compilation Options
-------------------------------------------------------------------------------------------------------------------------------
standard                                   | std                |      |                                 | <unavailable>
TEXTIO                                     | std                |      | 8.3.2120.sp1.14.3884  (Windows) | -2008
std_logic_1164                             | ieee               |      | 8.3.2120.sp1.14.3884  (Windows) | -2008
NUMERIC_STD                                | ieee               |      | 8.3.2120.sp1.14.3884  (Windows) | -2008
-------------------------------------------------------------------------------------------------------------------------------

-------------------------------------------------------------------------------------------------------------------------------
Library                                    | Comment
-------------------------------------------------------------------------------------------------------------------------------
ieee                                       | Standard IEEE packages library
paritybitgenerator                         | None
std                                        | Standard VHDL library
-------------------------------------------------------------------------------------------------------------------------------
