Active-HDL 8.3.2120.sp1.14.3884  2019-01-24 03:16:00

Elaboration top modules:
VHDL Configuration            testbench_for_fsm1100


------------------------------------------------------------------------------------------------------
Entity     | Architecture    | Library | Info | Compiler Version                | Compilation Options
------------------------------------------------------------------------------------------------------
fsm1100_tb | tb_architecture | fsm1100 |      | 8.3.2120.sp1.14.3884  (Windows) | -O3 -2002
FSM1100    | fsm1100         | fsm1100 |      | 8.3.2120.sp1.14.3884  (Windows) | -O3 -2002
------------------------------------------------------------------------------------------------------

------------------------------------------------------------------------------------------------------
VHDL Configuration           | Library | Info | Compiler Version                | Compilation Options
------------------------------------------------------------------------------------------------------
testbench_for_fsm1100        | fsm1100 |      | 8.3.2120.sp1.14.3884  (Windows) | -O3 -2002
------------------------------------------------------------------------------------------------------

------------------------------------------------------------------------------------------------------
VHDL Package                 | Library | Info | Compiler Version                | Compilation Options
------------------------------------------------------------------------------------------------------
standard                     | std     |      |                                 | <unavailable>
TEXTIO                       | std     |      | 8.3.2120.sp1.14.3884  (Windows) | -2008
std_logic_1164               | ieee    |      | 8.3.2120.sp1.14.3884  (Windows) | -2008
------------------------------------------------------------------------------------------------------

------------------------------------------------------------------------------------------------------
Library                      | Comment
------------------------------------------------------------------------------------------------------
fsm1100                      | None
ieee                         | Standard IEEE packages library
std                          | Standard VHDL library
------------------------------------------------------------------------------------------------------
